0 info it worked if it ends with ok
1 verbose cli [ 'C:\\Program Files\\nodejs\\\\node.exe',
1 verbose cli   'C:\\Program Files\\nodejs\\node_modules\\npm\\bin\\npm-cli.js',
1 verbose cli   'start' ]
2 info using npm@1.1.69
3 info using node@v0.8.16
4 verbose node symlink C:\Program Files\nodejs\\node.exe
5 verbose read json C:\Workspaces\personal\Lessons\package.json
6 error Error: Invalid name: "The Javascript Echosystem"
6 error     at validName (C:\Program Files\nodejs\node_modules\npm\node_modules\read-package-json\read-json.js:562:40)
6 error     at final (C:\Program Files\nodejs\node_modules\npm\node_modules\read-package-json\read-json.js:339:27)
6 error     at C:\Program Files\nodejs\node_modules\npm\node_modules\read-package-json\read-json.js:140:33
6 error     at cb (C:\Program Files\nodejs\node_modules\npm\node_modules\slide\lib\async-map.js:48:11)
6 error     at C:\Program Files\nodejs\node_modules\npm\node_modules\read-package-json\read-json.js:334:40
6 error     at fs.readFile (fs.js:176:14)
6 error     at fs.close (C:\Program Files\nodejs\node_modules\npm\node_modules\graceful-fs\graceful-fs.js:90:5)
6 error     at Object.oncomplete (fs.js:297:15)
7 error If you need help, you may report this log at:
7 error     <http://github.com/isaacs/npm/issues>
7 error or email it to:
7 error     <npm-@googlegroups.com>
8 error System Windows_NT 6.1.7601
9 error command "C:\\Program Files\\nodejs\\\\node.exe" "C:\\Program Files\\nodejs\\node_modules\\npm\\bin\\npm-cli.js" "start"
10 error cwd C:\Workspaces\personal\Lessons
11 error node -v v0.8.16
12 error npm -v 1.1.69
13 verbose exit [ 1, true ]
